TITLE : hw2_10_b Truss problem

        (19:28:29 on March 14, 2026, Saturday)

C O N T R O L   I N F O R M A T I O N

	  NUMBER OF NODAL POINTS . . . . . . . . . . (NUMNP)  =     8
	  NUMBER OF ELEMENT GROUPS . . . . . . . . . (NUMEG)  =     1
	  NUMBER OF LOAD CASES . . . . . . . . . . . (NLCASE) =     1
	  SOLUTION MODE  . . . . . . . . . . . . . . (MODEX)  =     0
		 EQ.0, DATA CHECK
		 EQ.1, EXECUTION

 N O D A L   P O I N T   D A T A

    NODE       BOUNDARY                         NODAL POINT
   NUMBER  CONDITION  CODES                     COORDINATES
        1    1    0    1      0.000000e+00   0.000000e+00   0.000000e+00
        2    0    0    1      1.000000e+01   0.000000e+00   0.000000e+00
        3    0    0    1      2.000000e+01   0.000000e+00   0.000000e+00
        4    0    0    1      3.000000e+01   0.000000e+00   0.000000e+00
        5    1    1    1      0.000000e+00   1.000000e+01   0.000000e+00
        6    0    0    1      1.000000e+01   1.000000e+01   0.000000e+00
        7    0    0    1      2.000000e+01   1.000000e+01   0.000000e+00
        8    0    0    1      3.000000e+01   1.000000e+01   0.000000e+00

 EQUATION NUMBERS

   NODE NUMBER   DEGREES OF FREEDOM
        N           X    Y    Z
        1           0    1    0
        2           2    3    0
        3           4    5    0
        4           6    7    0
        5           0    0    0
        6           8    9    0
        7          10   11    0
        8          12   13    0

 L O A D   C A S E   D A T A

     LOAD CASE NUMBER . . . . . . . =     1
     NUMBER OF CONCENTRATED LOADS . =     1

    NODE       DIRECTION      LOAD
   NUMBER                   MAGNITUDE
      8            2      -1.000000e+00

 E L E M E N T   G R O U P   D A T A


 E L E M E N T   D E F I N I T I O N

 ELEMENT TYPE  . . . . . . . . . . . . .( NPAR(1) ) . . =    1
     EQ.1, TRUSS ELEMENTS
     EQ.2, ELEMENTS CURRENTLY
     EQ.3, NOT AVAILABLE

 NUMBER OF ELEMENTS. . . . . . . . . . .( NPAR(2) ) . . =   16

 M A T E R I A L   D E F I N I T I O N

 NUMBER OF DIFFERENT SETS OF MATERIAL
 AND CROSS-SECTIONAL  CONSTANTS  . . . .( NPAR(3) ) . . =    1

  SET       YOUNG'S     CROSS-SECTIONAL
 NUMBER     MODULUS          AREA
               E              A
    1    1.500000e+11    1.000000e-02


 E L E M E N T   I N F O R M A T I O N
 ELEMENT     NODE     NODE       MATERIAL
 NUMBER-N      I        J       SET NUMBER
    1          1        2           1
    2          2        3           1
    3          3        4           1
    4          4        8           1
    5          8        7           1
    6          7        6           1
    7          6        5           1
    8          5        1           1
    9          1        6           1
   10          2        5           1
   11          2        6           1
   12          2        7           1
   13          3        6           1
   14          3        7           1
   15          3        8           1
   16          4        7           1

	TOTAL SYSTEM DATA

     NUMBER OF EQUATIONS . . . . . . . . . . . . . .(NEQ) = 13
     NUMBER OF MATRIX ELEMENTS . . . . . . . . . . .(NWK) = 75
     MAXIMUM HALF BANDWIDTH  . . . . . . . . . . . .(MK ) = 10
     MEAN HALF BANDWIDTH . . . . . . . . . . . . . .(MM ) = 5.769230769230769


 LOAD CASE    1


 D I S P L A C E M E N T S

  NODE           X-DISPLACEMENT    Y-DISPLACEMENT    Z-DISPLACEMENT
    1              0.000000e+00     -2.988155e-09      0.000000e+00
    2             -1.701184e-08     -2.741625e-08      0.000000e+00
    3             -2.701184e-08     -8.052285e-08      0.000000e+00
    4             -3.000000e-08     -1.449509e-07      0.000000e+00
    5              0.000000e+00      0.000000e+00      0.000000e+00
    6              1.632149e-08     -2.776142e-08      0.000000e+00
    7              2.632149e-08     -8.017767e-08      0.000000e+00
    8              3.000000e-08     -1.479391e-07      0.000000e+00

 S T R E S S  C A L C U L A T I O N S  F O R  E L E M E N T  G R O U P    1

  ELEMENT             FORCE            STRESS
  NUMBER
    1         -2.551777e+00     -2.551777e+02
    2         -1.500000e+00     -1.500000e+02
    3         -4.482233e-01     -4.482233e+01
    4         -4.482233e-01     -4.482233e+01
    5          5.517767e-01      5.517767e+01
    6          1.500000e+00      1.500000e+02
    7          2.448223e+00      2.448223e+02
    8          4.482233e-01      4.482233e+01
    9         -6.338835e-01     -6.338835e+01
   10          7.803301e-01      7.803301e+01
   11         -5.177670e-02     -5.177670e+00
   12         -7.071068e-01     -7.071068e+01
   13          7.071068e-01      7.071068e+01
   14          5.177670e-02      5.177670e+00
   15         -7.803301e-01     -7.803301e+01
   16          6.338835e-01      6.338835e+01

 S O L U T I O N   T I M E   L O G   I N   S E C 

     TIME FOR INPUT PHASE = 0:00:00.003299
     TIME FOR CALCULATION OF STIFFNESS MATRIX = 0:00:00
     TIME FOR FACTORIZATION AND LOAD CASE SOLUTIONS = 0:00:00.001125
     T O T A L   S O L U T I O N   T I M E = 0:00:00.005431
